<dwml version="1.0" xmlns:xsd="http://www.w3.org/2001/XMLSchema" xmlns:xsi="http://www.w3.org/2001/XMLSchema-instance" xsi:noNamespaceSchemaLocation="http://www.nws.noaa.gov/forecasts/xml/DWMLgen/schema/DWML.xsd">
  <head>
    <product srsName="WGS 1984" concise-name="dwmlByDay" operational-mode="official">
      <title>NOAA's National Weather Service Forecast by 24 Hour Period</title>
      <field>meteorological</field>
      <category>forecast</category>
      <creation-date refresh-frequency="PT1H">2010-02-04T02:55:48Z</creation-date>
    </product>
    <source>
      <more-information>http://www.nws.noaa.gov/forecasts/xml/</more-information>
      <production-center>Meteorological Development Laboratory<sub-center>Product Generation Branch</sub-center></production-center>
      <disclaimer>http://www.nws.noaa.gov/disclaimer.html</disclaimer>
      <credit>http://www.weather.gov/</credit>
      <credit-logo>http://www.weather.gov/images/xml_logo.gif</credit-logo>
      <feedback>http://www.weather.gov/feedback.php</feedback>
    </source>
  </head>
  <data>
    <location>
      <location-key>point1</location-key>
      <point latitude="45.51" longitude="-122.64"/>
    </location>
    <moreWeatherInformation applicable-location="point1">http://forecast.weather.gov/MapClick.php?textField1=45.51&amp;textField2=-122.64</moreWeatherInformation>
    <time-layout time-coordinate="local" summarization="24hourly">
      <layout-key>k-p24h-n2-1</layout-key>
      <start-valid-time>2010-02-04T06:00:00-08:00</start-valid-time>
      <end-valid-time>2010-02-05T06:00:00-08:00</end-valid-time>
      <start-valid-time>2010-02-05T06:00:00-08:00</start-valid-time>
      <end-valid-time>2010-02-06T06:00:00-08:00</end-valid-time>
    </time-layout>
    <time-layout time-coordinate="local" summarization="12hourly">
      <layout-key>k-p12h-n4-2</layout-key>
      <start-valid-time>2010-02-04T06:00:00-08:00</start-valid-time>
      <end-valid-time>2010-02-04T18:00:00-08:00</end-valid-time>
      <start-valid-time>2010-02-04T18:00:00-08:00</start-valid-time>
      <end-valid-time>2010-02-05T06:00:00-08:00</end-valid-time>
      <start-valid-time>2010-02-05T06:00:00-08:00</start-valid-time>
      <end-valid-time>2010-02-05T18:00:00-08:00</end-valid-time>
      <start-valid-time>2010-02-05T18:00:00-08:00</start-valid-time>
      <end-valid-time>2010-02-06T06:00:00-08:00</end-valid-time>
    </time-layout>
    <time-layout time-coordinate="local" summarization="24hourly">
      <layout-key>k-p2d-n1-3</layout-key>
      <start-valid-time>2010-02-04T06:00:00-08:00</start-valid-time>
      <end-valid-time>2010-02-06T06:00:00-08:00</end-valid-time>
    </time-layout>
    <parameters applicable-location="point1">
      <temperature type="maximum" units="Fahrenheit" time-layout="k-p24h-n2-1">
        <name>Daily Maximum Temperature</name>
        <value>53</value>
        <value>55</value>
      </temperature>
      <temperature type="minimum" units="Fahrenheit" time-layout="k-p24h-n2-1">
        <name>Daily Minimum Temperature</name>
        <value>44</value>
        <value>43</value>
      </temperature>
      <probability-of-precipitation type="12 hour" units="percent" time-layout="k-p12h-n4-2">
        <name>12 Hourly Probability of Precipitation</name>
        <value>57</value>
        <value>84</value>
        <value>61</value>
        <value>29</value>
      </probability-of-precipitation>
      <weather time-layout="k-p24h-n2-1">
        <name>Weather Type, Coverage, and Intensity</name>
        <weather-conditions weather-summary="Rain">
          <value coverage="definitely" intensity="light" weather-type="rain" qualifier="none"/>
        </weather-conditions>
        <weather-conditions weather-summary="Rain Showers Likely">
          <value coverage="likely" intensity="light" weather-type="rain showers" qualifier="none"/>
        </weather-conditions>
      </weather>
      <conditions-icon type="forecast-NWS" time-layout="k-p24h-n2-1">
        <name>Conditions Icons</name>
        <icon-link>http://www.nws.noaa.gov/weather/images/fcicons/ra80.jpg</icon-link>
        <icon-link>http://www.nws.noaa.gov/weather/images/fcicons/hi_shwrs60.jpg</icon-link>
      </conditions-icon>
      <hazards time-layout="k-p2d-n1-3">
        <name>Watches, Warnings, and Advisories</name>
        <hazard-conditions xsi:nil="true"/>
      </hazards>
    </parameters>
  </data>
</dwml>